<?xml version="1.0" encoding="UTF-8"?>
<robot generator="Robot 3.2.2.dev1 (Python 3.8.5 on win32)" generated="20210303 00:46:26.728" rpa="false">
<suite id="s1" name="Exercise2 E2Etest" source="F:\Warung Pintar\Exercise2_E2Etest.robot">
<test id="s1-t1" name="Scenario : As a user, I want to create a public gist">
<kw name="Open Browser" library="SeleniumLibrary">
<doc>Opens a new browser instance to the optional ``url``.</doc>
<arguments>
<arg>${URL}</arg>
<arg>${Browser}</arg>
</arguments>
<msg timestamp="20210303 00:46:26.919" level="INFO">Opening browser 'Chrome' to base url 'https://gist.github.com'.</msg>
<status status="PASS" starttime="20210303 00:46:26.918" endtime="20210303 00:46:33.036"></status>
</kw>
<kw name="Maximize Browser Window" library="SeleniumLibrary">
<doc>Maximizes current browser window.</doc>
<status status="PASS" starttime="20210303 00:46:33.036" endtime="20210303 00:46:33.150"></status>
</kw>
<kw name="Wait Until Element Is Visible" library="SeleniumLibrary">
<doc>Waits until the element ``locator`` is visible.</doc>
<arguments>
<arg>xpath://div[@class='Header-item f4 mr-0']/a[1]</arg>
</arguments>
<status status="PASS" starttime="20210303 00:46:33.151" endtime="20210303 00:46:33.174"></status>
</kw>
<kw name="Click Element" library="SeleniumLibrary">
<doc>Click the element identified by ``locator``.</doc>
<arguments>
<arg>xpath://div[@class='Header-item f4 mr-0']/a[1]</arg>
</arguments>
<msg timestamp="20210303 00:46:33.174" level="INFO">Clicking element 'xpath://div[@class='Header-item f4 mr-0']/a[1]'.</msg>
<status status="PASS" starttime="20210303 00:46:33.174" endtime="20210303 00:46:34.385"></status>
</kw>
<kw name="Wait Until Element Is Visible" library="SeleniumLibrary">
<doc>Waits until the element ``locator`` is visible.</doc>
<arguments>
<arg>id:login_field</arg>
</arguments>
<status status="PASS" starttime="20210303 00:46:34.385" endtime="20210303 00:46:34.409"></status>
</kw>
<kw name="Click Element" library="SeleniumLibrary">
<doc>Click the element identified by ``locator``.</doc>
<arguments>
<arg>id:login_field</arg>
</arguments>
<msg timestamp="20210303 00:46:34.409" level="INFO">Clicking element 'id:login_field'.</msg>
<status status="PASS" starttime="20210303 00:46:34.409" endtime="20210303 00:46:34.451"></status>
</kw>
<kw name="Input Text" library="SeleniumLibrary">
<doc>Types the given ``text`` into the text field identified by ``locator``.</doc>
<arguments>
<arg>id:login_field</arg>
<arg>${Email}</arg>
</arguments>
<msg timestamp="20210303 00:46:34.451" level="INFO">Typing text 'rampertopasaribu@gmail.com' into text field 'id:login_field'.</msg>
<status status="PASS" starttime="20210303 00:46:34.451" endtime="20210303 00:46:34.510"></status>
</kw>
<kw name="Click Element" library="SeleniumLibrary">
<doc>Click the element identified by ``locator``.</doc>
<arguments>
<arg>id:password</arg>
</arguments>
<msg timestamp="20210303 00:46:34.510" level="INFO">Clicking element 'id:password'.</msg>
<status status="PASS" starttime="20210303 00:46:34.510" endtime="20210303 00:46:34.551"></status>
</kw>
<kw name="Input Text" library="SeleniumLibrary">
<doc>Types the given ``text`` into the text field identified by ``locator``.</doc>
<arguments>
<arg>id:password</arg>
<arg>${Password}</arg>
</arguments>
<msg timestamp="20210303 00:46:34.552" level="INFO">Typing text 'spaceTr4ck' into text field 'id:password'.</msg>
<status status="PASS" starttime="20210303 00:46:34.552" endtime="20210303 00:46:34.597"></status>
</kw>
<kw name="Click Element" library="SeleniumLibrary">
<doc>Click the element identified by ``locator``.</doc>
<arguments>
<arg>name:commit</arg>
</arguments>
<msg timestamp="20210303 00:46:34.598" level="INFO">Clicking element 'name:commit'.</msg>
<status status="PASS" starttime="20210303 00:46:34.597" endtime="20210303 00:46:37.140"></status>
</kw>
<kw name="Wait Until Element Is Visible" library="SeleniumLibrary">
<doc>Waits until the element ``locator`` is visible.</doc>
<arguments>
<arg>css:.d-none.octicon-plus</arg>
<arg>10</arg>
</arguments>
<status status="PASS" starttime="20210303 00:46:37.140" endtime="20210303 00:46:37.192"></status>
</kw>
<kw name="Click Element" library="SeleniumLibrary">
<doc>Click the element identified by ``locator``.</doc>
<arguments>
<arg>css:.d-none.octicon-plus</arg>
</arguments>
<msg timestamp="20210303 00:46:37.192" level="INFO">Clicking element 'css:.d-none.octicon-plus'.</msg>
<status status="PASS" starttime="20210303 00:46:37.192" endtime="20210303 00:46:37.991"></status>
</kw>
<kw name="Wait Until Element Is Visible" library="SeleniumLibrary">
<doc>Waits until the element ``locator`` is visible.</doc>
<arguments>
<arg>name:gist[contents][][name]</arg>
<arg>10</arg>
</arguments>
<status status="PASS" starttime="20210303 00:46:37.992" endtime="20210303 00:46:38.010"></status>
</kw>
<kw name="Click Element" library="SeleniumLibrary">
<doc>Click the element identified by ``locator``.</doc>
<arguments>
<arg>name:gist[contents][][name]</arg>
</arguments>
<msg timestamp="20210303 00:46:38.012" level="INFO">Clicking element 'name:gist[contents][][name]'.</msg>
<status status="PASS" starttime="20210303 00:46:38.010" endtime="20210303 00:46:38.050"></status>
</kw>
<kw name="Input Text" library="SeleniumLibrary">
<doc>Types the given ``text`` into the text field identified by ``locator``.</doc>
<arguments>
<arg>name:gist[contents][][name]</arg>
<arg>${FileName}</arg>
</arguments>
<msg timestamp="20210303 00:46:38.051" level="INFO">Typing text 'Hello1' into text field 'name:gist[contents][][name]'.</msg>
<status status="PASS" starttime="20210303 00:46:38.051" endtime="20210303 00:46:38.096"></status>
</kw>
<kw name="Click Element" library="SeleniumLibrary">
<doc>Click the element identified by ``locator``.</doc>
<arguments>
<arg>name:gist[description]</arg>
</arguments>
<msg timestamp="20210303 00:46:38.097" level="INFO">Clicking element 'name:gist[description]'.</msg>
<status status="PASS" starttime="20210303 00:46:38.096" endtime="20210303 00:46:38.138"></status>
</kw>
<kw name="Input Text" library="SeleniumLibrary">
<doc>Types the given ``text`` into the text field identified by ``locator``.</doc>
<arguments>
<arg>name:gist[description]</arg>
<arg>${GistDescription}</arg>
</arguments>
<msg timestamp="20210303 00:46:38.139" level="INFO">Typing text 'Test Added Gist' into text field 'name:gist[description]'.</msg>
<status status="PASS" starttime="20210303 00:46:38.139" endtime="20210303 00:46:38.190"></status>
</kw>
<kw name="Click Element" library="SeleniumLibrary">
<doc>Click the element identified by ``locator``.</doc>
<arguments>
<arg>css:.CodeMirror-line</arg>
</arguments>
<msg timestamp="20210303 00:46:38.190" level="INFO">Clicking element 'css:.CodeMirror-line'.</msg>
<status status="PASS" starttime="20210303 00:46:38.190" endtime="20210303 00:46:38.230"></status>
</kw>
<kw name="Input Text" library="SeleniumLibrary">
<doc>Types the given ``text`` into the text field identified by ``locator``.</doc>
<arguments>
<arg>css:.CodeMirror-line</arg>
<arg>${Body}</arg>
</arguments>
<msg timestamp="20210303 00:46:38.231" level="INFO">Typing text 'Lorem ipsum dolor sit amet, consectetur adipiscing elit, sed do eiusmod tempor incididunt ut labore et dolore magna aliqua. Ut enim ad minim veniam, quis nostrud exercitation ullamco laboris nisi ut aliquip ex ea commodo consequat. Duis aute irure dolor in reprehenderit in voluptate velit esse cillum dolore eu fugiat nulla pariatur. Excepteur sint occaecat cupidatat non proident, sunt in culpa qui officia deserunt mollit anim id est la' into text field 'css:.CodeMirror-line'.</msg>
<status status="PASS" starttime="20210303 00:46:38.231" endtime="20210303 00:46:39.708"></status>
</kw>
<kw name="Click Element" library="SeleniumLibrary">
<doc>Click the element identified by ``locator``.</doc>
<arguments>
<arg>css:.select-menu-button</arg>
</arguments>
<msg timestamp="20210303 00:46:39.709" level="INFO">Clicking element 'css:.select-menu-button'.</msg>
<status status="PASS" starttime="20210303 00:46:39.708" endtime="20210303 00:46:39.760"></status>
</kw>
<kw name="Wait Until Element Is Visible" library="SeleniumLibrary">
<doc>Waits until the element ``locator`` is visible.</doc>
<arguments>
<arg>xpath://span[.='Create public gist']</arg>
</arguments>
<status status="PASS" starttime="20210303 00:46:39.761" endtime="20210303 00:46:39.780"></status>
</kw>
<kw name="Click Element" library="SeleniumLibrary">
<doc>Click the element identified by ``locator``.</doc>
<arguments>
<arg>xpath://span[.='Create public gist']</arg>
</arguments>
<msg timestamp="20210303 00:46:39.780" level="INFO">Clicking element 'xpath://span[.='Create public gist']'.</msg>
<status status="PASS" starttime="20210303 00:46:39.780" endtime="20210303 00:46:39.821"></status>
</kw>
<kw name="Click Element" library="SeleniumLibrary">
<doc>Click the element identified by ``locator``.</doc>
<arguments>
<arg>css:.BtnGroup</arg>
</arguments>
<msg timestamp="20210303 00:46:39.821" level="INFO">Clicking element 'css:.BtnGroup'.</msg>
<status status="PASS" starttime="20210303 00:46:39.821" endtime="20210303 00:46:41.285"></status>
</kw>
<kw name="Wait Until Element Is Visible" library="SeleniumLibrary">
<doc>Waits until the element ``locator`` is visible.</doc>
<arguments>
<arg>css:span.author &gt; [data-hovercard-type='user']</arg>
</arguments>
<status status="PASS" starttime="20210303 00:46:41.285" endtime="20210303 00:46:41.304"></status>
</kw>
<kw name="Click Element" library="SeleniumLibrary">
<doc>Click the element identified by ``locator``.</doc>
<arguments>
<arg>css:span.author &gt; [data-hovercard-type='user']</arg>
</arguments>
<msg timestamp="20210303 00:46:41.305" level="INFO">Clicking element 'css:span.author &gt; [data-hovercard-type='user']'.</msg>
<status status="PASS" starttime="20210303 00:46:41.304" endtime="20210303 00:46:41.907"></status>
</kw>
<kw name="Wait Until Element Is Visible" library="SeleniumLibrary">
<doc>Waits until the element ``locator`` is visible.</doc>
<arguments>
<arg>xpath://a[.='Hello1']</arg>
</arguments>
<status status="PASS" starttime="20210303 00:46:41.908" endtime="20210303 00:46:41.930"></status>
</kw>
<kw name="Click Element" library="SeleniumLibrary">
<doc>Click the element identified by ``locator``.</doc>
<arguments>
<arg>xpath://a[.='Hello1']</arg>
</arguments>
<msg timestamp="20210303 00:46:41.931" level="INFO">Clicking element 'xpath://a[.='Hello1']'.</msg>
<status status="PASS" starttime="20210303 00:46:41.931" endtime="20210303 00:46:42.458"></status>
</kw>
<kw name="Wait Until Element Is Visible" library="SeleniumLibrary">
<doc>Waits until the element ``locator`` is visible.</doc>
<arguments>
<arg>xpath: //a[contains(.,'Edit')]</arg>
</arguments>
<status status="PASS" starttime="20210303 00:46:42.458" endtime="20210303 00:46:42.477"></status>
</kw>
<kw name="Click Element" library="SeleniumLibrary">
<doc>Click the element identified by ``locator``.</doc>
<arguments>
<arg>xpath: //a[contains(.,'Edit')]</arg>
</arguments>
<msg timestamp="20210303 00:46:42.477" level="INFO">Clicking element 'xpath: //a[contains(.,'Edit')]'.</msg>
<status status="PASS" starttime="20210303 00:46:42.477" endtime="20210303 00:46:42.973"></status>
</kw>
<kw name="Press Keys" library="SeleniumLibrary">
<doc>Simulates the user pressing key(s) to an element or on the active browser.</doc>
<arguments>
<arg>css:.CodeMirror-line</arg>
<arg>CTRL+a+BACKSPACE</arg>
</arguments>
<msg timestamp="20210303 00:46:42.974" level="INFO">Sending key(s) ('CTRL+a+BACKSPACE',) to css:.CodeMirror-line element.</msg>
<msg timestamp="20210303 00:46:43.258" level="INFO">Pressing special key CONTROL down.</msg>
<msg timestamp="20210303 00:46:43.258" level="INFO">Sending key a</msg>
<msg timestamp="20210303 00:46:43.258" level="INFO">Pressing special key BACKSPACE down.</msg>
<msg timestamp="20210303 00:46:43.258" level="INFO">Releasing special key CONTROL.</msg>
<msg timestamp="20210303 00:46:43.258" level="INFO">Releasing special key BACKSPACE.</msg>
<status status="PASS" starttime="20210303 00:46:42.974" endtime="20210303 00:46:43.285"></status>
</kw>
<kw name="Input Text" library="SeleniumLibrary">
<doc>Types the given ``text`` into the text field identified by ``locator``.</doc>
<arguments>
<arg>css:.CodeMirror-line</arg>
<arg>Update</arg>
</arguments>
<msg timestamp="20210303 00:46:43.285" level="INFO">Typing text 'Update' into text field 'css:.CodeMirror-line'.</msg>
<status status="PASS" starttime="20210303 00:46:43.285" endtime="20210303 00:46:43.391"></status>
</kw>
<kw name="Click Element" library="SeleniumLibrary">
<doc>Click the element identified by ``locator``.</doc>
<arguments>
<arg>css:.btn-primary</arg>
</arguments>
<msg timestamp="20210303 00:46:43.391" level="INFO">Clicking element 'css:.btn-primary'.</msg>
<status status="PASS" starttime="20210303 00:46:43.391" endtime="20210303 00:46:44.441"></status>
</kw>
<kw name="Wait Until Element Is Visible" library="SeleniumLibrary">
<doc>Waits until the element ``locator`` is visible.</doc>
<arguments>
<arg>css:span.author &gt; [data-hovercard-type='user']</arg>
</arguments>
<status status="PASS" starttime="20210303 00:46:44.441" endtime="20210303 00:46:44.460"></status>
</kw>
<kw name="Click Element" library="SeleniumLibrary">
<doc>Click the element identified by ``locator``.</doc>
<arguments>
<arg>css:span.author &gt; [data-hovercard-type='user']</arg>
</arguments>
<msg timestamp="20210303 00:46:44.461" level="INFO">Clicking element 'css:span.author &gt; [data-hovercard-type='user']'.</msg>
<status status="PASS" starttime="20210303 00:46:44.461" endtime="20210303 00:46:45.162"></status>
</kw>
<kw name="Wait Until Element Is Visible" library="SeleniumLibrary">
<doc>Waits until the element ``locator`` is visible.</doc>
<arguments>
<arg>xpath://a[.='Hello1']</arg>
</arguments>
<status status="PASS" starttime="20210303 00:46:45.163" endtime="20210303 00:46:45.181"></status>
</kw>
<kw name="Click Element" library="SeleniumLibrary">
<doc>Click the element identified by ``locator``.</doc>
<arguments>
<arg>xpath://a[.='Hello1']</arg>
</arguments>
<msg timestamp="20210303 00:46:45.182" level="INFO">Clicking element 'xpath://a[.='Hello1']'.</msg>
<status status="PASS" starttime="20210303 00:46:45.182" endtime="20210303 00:46:45.763"></status>
</kw>
<kw name="Wait Until Element Is Visible" library="SeleniumLibrary">
<doc>Waits until the element ``locator`` is visible.</doc>
<arguments>
<arg>css: .btn-danger</arg>
</arguments>
<status status="PASS" starttime="20210303 00:46:45.764" endtime="20210303 00:46:45.784"></status>
</kw>
<kw name="Click Element" library="SeleniumLibrary">
<doc>Click the element identified by ``locator``.</doc>
<arguments>
<arg>css: .btn-danger</arg>
</arguments>
<msg timestamp="20210303 00:46:45.785" level="INFO">Clicking element 'css: .btn-danger'.</msg>
<status status="PASS" starttime="20210303 00:46:45.785" endtime="20210303 00:46:45.821"></status>
</kw>
<kw name="Alert Should Be Present" library="SeleniumLibrary">
<doc>Verifies that an alert is present and by default, accepts it.</doc>
<status status="PASS" starttime="20210303 00:46:45.822" endtime="20210303 00:46:45.826"></status>
</kw>
<kw name="Close Browser" library="SeleniumLibrary">
<doc>Closes the current browser.</doc>
<status status="PASS" starttime="20210303 00:46:45.826" endtime="20210303 00:46:49.156"></status>
</kw>
<status status="PASS" starttime="20210303 00:46:26.917" endtime="20210303 00:46:49.156" critical="yes"></status>
</test>
<status status="PASS" starttime="20210303 00:46:26.729" endtime="20210303 00:46:49.161"></status>
</suite>
<statistics>
<total>
<stat pass="1" fail="0">Critical Tests</stat>
<stat pass="1" fail="0">All Tests</stat>
</total>
<tag>
</tag>
<suite>
<stat pass="1" fail="0" id="s1" name="Exercise2 E2Etest">Exercise2 E2Etest</stat>
</suite>
</statistics>
<errors>
</errors>
</robot>
